[01-May-2025 12:16:59 Europe/Paris] PHP Fatal error:  Uncaught TypeError: SlevomatCodingStandard\Helpers\TokenHelper::findNext(): Argument #3 ($startPointer) must be of type int, null given, called in /home/steven/code/ziwot/cake-tezos/vendor/slevomat/coding-standard/SlevomatCodingStandard/Helpers/ReferencedNameHelper.php on line 140 and defined in /home/steven/code/ziwot/cake-tezos/vendor/slevomat/coding-standard/SlevomatCodingStandard/Helpers/TokenHelper.php:156
Stack trace:
#0 /home/steven/code/ziwot/cake-tezos/vendor/slevomat/coding-standard/SlevomatCodingStandard/Helpers/ReferencedNameHelper.php(140): SlevomatCodingStandard\Helpers\TokenHelper::findNext()
#1 /home/steven/code/ziwot/cake-tezos/vendor/slevomat/coding-standard/SlevomatCodingStandard/Helpers/ReferencedNameHelper.php(71): SlevomatCodingStandard\Helpers\ReferencedNameHelper::createAllReferencedNames()
#2 /home/steven/code/ziwot/cake-tezos/vendor/slevomat/coding-standard/SlevomatCodingStandard/Helpers/SniffLocalCache.php(42): SlevomatCodingStandard\Helpers\ReferencedNameHelper::SlevomatCodingStandard\Helpers\{closure}()
#3 /home/steven/code/ziwot/cake-tezos/vendor/slevomat/coding-standard/SlevomatCodingStandard/Helpers/SniffLocalCache.php(31): SlevomatCodingStandard\Helpers\SniffLocalCache::setIfNotCached()
#4 /home/steven/code/ziwot/cake-tezos/vendor/slevomat/coding-standard/SlevomatCodingStandard/Helpers/ReferencedNameHelper.php(73): SlevomatCodingStandard\Helpers\SniffLocalCache::getAndSetIfNotCached()
#5 /home/steven/code/ziwot/cake-tezos/vendor/slevomat/coding-standard/SlevomatCodingStandard/Sniffs/Namespaces/ReferenceUsedNamesOnlySniff.php(674): SlevomatCodingStandard\Helpers\ReferencedNameHelper::getAllReferencedNames()
#6 /home/steven/code/ziwot/cake-tezos/vendor/slevomat/coding-standard/SlevomatCodingStandard/Sniffs/Namespaces/ReferenceUsedNamesOnlySniff.php(142): SlevomatCodingStandard\Sniffs\Namespaces\ReferenceUsedNamesOnlySniff->getReferences()
#7 /home/steven/code/ziwot/cake-tezos/vendor/squizlabs/php_codesniffer/src/Files/File.php(510): SlevomatCodingStandard\Sniffs\Namespaces\ReferenceUsedNamesOnlySniff->process()
#8 /home/steven/code/ziwot/cake-tezos/vendor/squizlabs/php_codesniffer/src/Files/LocalFile.php(92): PHP_CodeSniffer\Files\File->process()
#9 /home/steven/code/ziwot/cake-tezos/vendor/squizlabs/php_codesniffer/src/Runner.php(648): PHP_CodeSniffer\Files\LocalFile->process()
#10 /home/steven/code/ziwot/cake-tezos/vendor/squizlabs/php_codesniffer/src/Runner.php(520): PHP_CodeSniffer\Runner->processFile()
#11 /home/steven/code/ziwot/cake-tezos/vendor/squizlabs/php_codesniffer/src/Runner.php(120): PHP_CodeSniffer\Runner->run()
#12 /home/steven/code/ziwot/cake-tezos/vendor/squizlabs/php_codesniffer/bin/phpcs(14): PHP_CodeSniffer\Runner->runPHPCS()
#13 /home/steven/code/ziwot/cake-tezos/vendor/bin/phpcs(119): include('...')
#14 {main}
  thrown in /home/steven/code/ziwot/cake-tezos/vendor/slevomat/coding-standard/SlevomatCodingStandard/Helpers/TokenHelper.php on line 156
[01-May-2025 12:17:05 Europe/Paris] PHP Fatal error:  Uncaught TypeError: SlevomatCodingStandard\Helpers\ParsedDocComment::getNodeStartPointer(): Return value must be of type int, null returned in /home/steven/code/ziwot/cake-tezos/vendor/slevomat/coding-standard/SlevomatCodingStandard/Helpers/ParsedDocComment.php:72
Stack trace:
#0 /home/steven/code/ziwot/cake-tezos/vendor/slevomat/coding-standard/SlevomatCodingStandard/Sniffs/Commenting/DocCommentSpacingSniff.php(114): SlevomatCodingStandard\Helpers\ParsedDocComment->getNodeStartPointer()
#1 /home/steven/code/ziwot/cake-tezos/vendor/squizlabs/php_codesniffer/src/Files/File.php(510): SlevomatCodingStandard\Sniffs\Commenting\DocCommentSpacingSniff->process()
#2 /home/steven/code/ziwot/cake-tezos/vendor/squizlabs/php_codesniffer/src/Files/LocalFile.php(92): PHP_CodeSniffer\Files\File->process()
#3 /home/steven/code/ziwot/cake-tezos/vendor/squizlabs/php_codesniffer/src/Runner.php(648): PHP_CodeSniffer\Files\LocalFile->process()
#4 /home/steven/code/ziwot/cake-tezos/vendor/squizlabs/php_codesniffer/src/Runner.php(520): PHP_CodeSniffer\Runner->processFile()
#5 /home/steven/code/ziwot/cake-tezos/vendor/squizlabs/php_codesniffer/src/Runner.php(120): PHP_CodeSniffer\Runner->run()
#6 /home/steven/code/ziwot/cake-tezos/vendor/squizlabs/php_codesniffer/bin/phpcs(14): PHP_CodeSniffer\Runner->runPHPCS()
#7 /home/steven/code/ziwot/cake-tezos/vendor/bin/phpcs(119): include('...')
#8 {main}
  thrown in /home/steven/code/ziwot/cake-tezos/vendor/slevomat/coding-standard/SlevomatCodingStandard/Helpers/ParsedDocComment.php on line 72
